
(gedit:54740): Gtk-WARNING **: Attempting to store changes into `/export/home/acs/stud/c/cristofor.rotsching/.local/share/recently-used.xbel', but failed: Failed to create file '/export/home/acs/stud/c/cristofor.rotsching/.local/share/recently-used.xbel.DIQ9FY': No such file or directory

(gedit:54740): Gtk-WARNING **: Attempting to set the permissions of `/export/home/acs/stud/c/cristofor.rotsching/.local/share/recently-used.xbel', but failed: No such file or directory

(gedit:54740): Gtk-WARNING **: Attempting to store changes into `/export/home/acs/stud/c/cristofor.rotsching/.local/share/recently-used.xbel', but failed: Failed to create file '/export/home/acs/stud/c/cristofor.rotsching/.local/share/recently-used.xbel.H3V0FY': No such file or directory

(gedit:54740): Gtk-WARNING **: Attempting to set the permissions of `/export/home/acs/stud/c/cristofor.rotsching/.local/share/recently-used.xbel', but failed: No such file or directory

(gedit:54740): Gtk-WARNING **: Attempting to store changes into `/export/home/acs/stud/c/cristofor.rotsching/.local/share/recently-used.xbel', but failed: Failed to create file '/export/home/acs/stud/c/cristofor.rotsching/.local/share/recently-used.xbel.YTPBGY': No such file or directory

(gedit:54740): Gtk-WARNING **: Attempting to set the permissions of `/export/home/acs/stud/c/cristofor.rotsching/.local/share/recently-used.xbel', but failed: No such file or directory

(gedit:54740): Gtk-WARNING **: Attempting to store changes into `/export/home/acs/stud/c/cristofor.rotsching/.local/share/recently-used.xbel', but failed: Failed to create file '/export/home/acs/stud/c/cristofor.rotsching/.local/share/recently-used.xbel.PW25FY': No such file or directory

(gedit:54740): Gtk-WARNING **: Attempting to set the permissions of `/export/home/acs/stud/c/cristofor.rotsching/.local/share/recently-used.xbel', but failed: No such file or directory

(gedit:54740): Gtk-WARNING **: Attempting to store changes into `/export/home/acs/stud/c/cristofor.rotsching/.local/share/recently-used.xbel', but failed: Failed to create file '/export/home/acs/stud/c/cristofor.rotsching/.local/share/recently-used.xbel.ZQUBGY': No such file or directory

(gedit:54740): Gtk-WARNING **: Attempting to set the permissions of `/export/home/acs/stud/c/cristofor.rotsching/.local/share/recently-used.xbel', but failed: No such file or directory

(gedit:54740): Gtk-WARNING **: Attempting to store changes into `/export/home/acs/stud/c/cristofor.rotsching/.local/share/recently-used.xbel', but failed: Failed to create file '/export/home/acs/stud/c/cristofor.rotsching/.local/share/recently-used.xbel.PZSDGY': No such file or directory

(gedit:54740): Gtk-WARNING **: Attempting to set the permissions of `/export/home/acs/stud/c/cristofor.rotsching/.local/share/recently-used.xbel', but failed: No such file or directory

(gedit:54740): Gtk-WARNING **: Attempting to store changes into `/export/home/acs/stud/c/cristofor.rotsching/.local/share/recently-used.xbel', but failed: Failed to create file '/export/home/acs/stud/c/cristofor.rotsching/.local/share/recently-used.xbel.4GG0FY': No such file or directory

(gedit:54740): Gtk-WARNING **: Attempting to set the permissions of `/export/home/acs/stud/c/cristofor.rotsching/.local/share/recently-used.xbel', but failed: No such file or directory

(gedit:54740): Gtk-WARNING **: Attempting to store changes into `/export/home/acs/stud/c/cristofor.rotsching/.local/share/recently-used.xbel', but failed: Failed to create file '/export/home/acs/stud/c/cristofor.rotsching/.local/share/recently-used.xbel.N3AAGY': No such file or directory

(gedit:54740): Gtk-WARNING **: Attempting to set the permissions of `/export/home/acs/stud/c/cristofor.rotsching/.local/share/recently-used.xbel', but failed: No such file or directory

(gedit:54740): Gtk-WARNING **: Attempting to store changes into `/export/home/acs/stud/c/cristofor.rotsching/.local/share/recently-used.xbel', but failed: Failed to create file '/export/home/acs/stud/c/cristofor.rotsching/.local/share/recently-used.xbel.GI4AGY': No such file or directory

(gedit:54740): Gtk-WARNING **: Attempting to set the permissions of `/export/home/acs/stud/c/cristofor.rotsching/.local/share/recently-used.xbel', but failed: No such file or directory

(gedit:54740): Gtk-WARNING **: Attempting to store changes into `/export/home/acs/stud/c/cristofor.rotsching/.local/share/recently-used.xbel', but failed: Failed to create file '/export/home/acs/stud/c/cristofor.rotsching/.local/share/recently-used.xbel.82I0FY': No such file or directory

(gedit:54740): Gtk-WARNING **: Attempting to set the permissions of `/export/home/acs/stud/c/cristofor.rotsching/.local/share/recently-used.xbel', but failed: No such file or directory

(gedit:54740): Gtk-WARNING **: Attempting to store changes into `/export/home/acs/stud/c/cristofor.rotsching/.local/share/recently-used.xbel', but failed: Failed to create file '/export/home/acs/stud/c/cristofor.rotsching/.local/share/recently-used.xbel.LC14FY': No such file or directory

(gedit:54740): Gtk-WARNING **: Attempting to set the permissions of `/export/home/acs/stud/c/cristofor.rotsching/.local/share/recently-used.xbel', but failed: No such file or directory

(gedit:54740): Gtk-WARNING **: Attempting to store changes into `/export/home/acs/stud/c/cristofor.rotsching/.local/share/recently-used.xbel', but failed: Failed to create file '/export/home/acs/stud/c/cristofor.rotsching/.local/share/recently-used.xbel.A766FY': No such file or directory

(gedit:54740): Gtk-WARNING **: Attempting to set the permissions of `/export/home/acs/stud/c/cristofor.rotsching/.local/share/recently-used.xbel', but failed: No such file or directory

(gedit:54740): Gtk-WARNING **: Attempting to store changes into `/export/home/acs/stud/c/cristofor.rotsching/.local/share/recently-used.xbel', but failed: Failed to create file '/export/home/acs/stud/c/cristofor.rotsching/.local/share/recently-used.xbel.T857FY': No such file or directory

(gedit:54740): Gtk-WARNING **: Attempting to set the permissions of `/export/home/acs/stud/c/cristofor.rotsching/.local/share/recently-used.xbel', but failed: No such file or directory

(gedit:54740): Gtk-WARNING **: Attempting to store changes into `/export/home/acs/stud/c/cristofor.rotsching/.local/share/recently-used.xbel', but failed: Failed to create file '/export/home/acs/stud/c/cristofor.rotsching/.local/share/recently-used.xbel.YCHCGY': No such file or directory

(gedit:54740): Gtk-WARNING **: Attempting to set the permissions of `/export/home/acs/stud/c/cristofor.rotsching/.local/share/recently-used.xbel', but failed: No such file or directory

(gedit:54740): Gtk-WARNING **: Attempting to store changes into `/export/home/acs/stud/c/cristofor.rotsching/.local/share/recently-used.xbel', but failed: Failed to create file '/export/home/acs/stud/c/cristofor.rotsching/.local/share/recently-used.xbel.ASDGGY': No such file or directory

(gedit:54740): Gtk-WARNING **: Attempting to set the permissions of `/export/home/acs/stud/c/cristofor.rotsching/.local/share/recently-used.xbel', but failed: No such file or directory

(gedit:54740): Gtk-WARNING **: Attempting to store changes into `/export/home/acs/stud/c/cristofor.rotsching/.local/share/recently-used.xbel', but failed: Failed to create file '/export/home/acs/stud/c/cristofor.rotsching/.local/share/recently-used.xbel.EZ9EGY': No such file or directory

(gedit:54740): Gtk-WARNING **: Attempting to set the permissions of `/export/home/acs/stud/c/cristofor.rotsching/.local/share/recently-used.xbel', but failed: No such file or directory

(gedit:54740): Gtk-WARNING **: Attempting to store changes into `/export/home/acs/stud/c/cristofor.rotsching/.local/share/recently-used.xbel', but failed: Failed to create file '/export/home/acs/stud/c/cristofor.rotsching/.local/share/recently-used.xbel.E08XFY': No such file or directory

(gedit:54740): Gtk-WARNING **: Attempting to set the permissions of `/export/home/acs/stud/c/cristofor.rotsching/.local/share/recently-used.xbel', but failed: No such file or directory

(gedit:54740): Gtk-WARNING **: Attempting to store changes into `/export/home/acs/stud/c/cristofor.rotsching/.local/share/recently-used.xbel', but failed: Failed to create file '/export/home/acs/stud/c/cristofor.rotsching/.local/share/recently-used.xbel.O8A8FY': No such file or directory

(gedit:54740): Gtk-WARNING **: Attempting to set the permissions of `/export/home/acs/stud/c/cristofor.rotsching/.local/share/recently-used.xbel', but failed: No such file or directory

(gedit:54740): Gtk-WARNING **: Attempting to store changes into `/export/home/acs/stud/c/cristofor.rotsching/.local/share/recently-used.xbel', but failed: Failed to create file '/export/home/acs/stud/c/cristofor.rotsching/.local/share/recently-used.xbel.3ZAZFY': No such file or directory

(gedit:54740): Gtk-WARNING **: Attempting to set the permissions of `/export/home/acs/stud/c/cristofor.rotsching/.local/share/recently-used.xbel', but failed: No such file or directory

(gedit:54740): Gtk-WARNING **: Attempting to store changes into `/export/home/acs/stud/c/cristofor.rotsching/.local/share/recently-used.xbel', but failed: Failed to create file '/export/home/acs/stud/c/cristofor.rotsching/.local/share/recently-used.xbel.KEZCGY': No such file or directory

(gedit:54740): Gtk-WARNING **: Attempting to set the permissions of `/export/home/acs/stud/c/cristofor.rotsching/.local/share/recently-used.xbel', but failed: No such file or directory

(gedit:54740): Gtk-WARNING **: Attempting to store changes into `/export/home/acs/stud/c/cristofor.rotsching/.local/share/recently-used.xbel', but failed: Failed to create file '/export/home/acs/stud/c/cristofor.rotsching/.local/share/recently-used.xbel.HLJ6FY': No such file or directory

(gedit:54740): Gtk-WARNING **: Attempting to set the permissions of `/export/home/acs/stud/c/cristofor.rotsching/.local/share/recently-used.xbel', but failed: No such file or directory

(gedit:54740): Gtk-WARNING **: Attempting to store changes into `/export/home/acs/stud/c/cristofor.rotsching/.local/share/recently-used.xbel', but failed: Failed to create file '/export/home/acs/stud/c/cristofor.rotsching/.local/share/recently-used.xbel.IRHZFY': No such file or directory

(gedit:54740): Gtk-WARNING **: Attempting to set the permissions of `/export/home/acs/stud/c/cristofor.rotsching/.local/share/recently-used.xbel', but failed: No such file or directory

(gedit:54740): Gtk-WARNING **: Attempting to store changes into `/export/home/acs/stud/c/cristofor.rotsching/.local/share/recently-used.xbel', but failed: Failed to create file '/export/home/acs/stud/c/cristofor.rotsching/.local/share/recently-used.xbel.80VYFY': No such file or directory

(gedit:54740): Gtk-WARNING **: Attempting to set the permissions of `/export/home/acs/stud/c/cristofor.rotsching/.local/share/recently-used.xbel', but failed: No such file or directory

(gedit:54740): Gtk-WARNING **: Attempting to store changes into `/export/home/acs/stud/c/cristofor.rotsching/.local/share/recently-used.xbel', but failed: Failed to create file '/export/home/acs/stud/c/cristofor.rotsching/.local/share/recently-used.xbel.PQV6FY': No such file or directory

(gedit:54740): Gtk-WARNING **: Attempting to set the permissions of `/export/home/acs/stud/c/cristofor.rotsching/.local/share/recently-used.xbel', but failed: No such file or directory

(gedit:54740): Gtk-WARNING **: Attempting to store changes into `/export/home/acs/stud/c/cristofor.rotsching/.local/share/recently-used.xbel', but failed: Failed to create file '/export/home/acs/stud/c/cristofor.rotsching/.local/share/recently-used.xbel.K3L9FY': No such file or directory

(gedit:54740): Gtk-WARNING **: Attempting to set the permissions of `/export/home/acs/stud/c/cristofor.rotsching/.local/share/recently-used.xbel', but failed: No such file or directory

(gedit:54740): Gtk-WARNING **: Attempting to store changes into `/export/home/acs/stud/c/cristofor.rotsching/.local/share/recently-used.xbel', but failed: Failed to create file '/export/home/acs/stud/c/cristofor.rotsching/.local/share/recently-used.xbel.5UM2FY': No such file or directory

(gedit:54740): Gtk-WARNING **: Attempting to set the permissions of `/export/home/acs/stud/c/cristofor.rotsching/.local/share/recently-used.xbel', but failed: No such file or directory

(gedit:54740): Gtk-WARNING **: Attempting to store changes into `/export/home/acs/stud/c/cristofor.rotsching/.local/share/recently-used.xbel', but failed: Failed to create file '/export/home/acs/stud/c/cristofor.rotsching/.local/share/recently-used.xbel.BST6FY': No such file or directory

(gedit:54740): Gtk-WARNING **: Attempting to set the permissions of `/export/home/acs/stud/c/cristofor.rotsching/.local/share/recently-used.xbel', but failed: No such file or directory

(gedit:54740): Gtk-WARNING **: Attempting to store changes into `/export/home/acs/stud/c/cristofor.rotsching/.local/share/recently-used.xbel', but failed: Failed to create file '/export/home/acs/stud/c/cristofor.rotsching/.local/share/recently-used.xbel.CBTJGY': No such file or directory

(gedit:54740): Gtk-WARNING **: Attempting to set the permissions of `/export/home/acs/stud/c/cristofor.rotsching/.local/share/recently-used.xbel', but failed: No such file or directory

(gedit:54740): Gtk-WARNING **: Attempting to store changes into `/export/home/acs/stud/c/cristofor.rotsching/.local/share/recently-used.xbel', but failed: Failed to create file '/export/home/acs/stud/c/cristofor.rotsching/.local/share/recently-used.xbel.86N7FY': No such file or directory

(gedit:54740): Gtk-WARNING **: Attempting to set the permissions of `/export/home/acs/stud/c/cristofor.rotsching/.local/share/recently-used.xbel', but failed: No such file or directory

(gedit:54740): Gtk-WARNING **: Attempting to store changes into `/export/home/acs/stud/c/cristofor.rotsching/.local/share/recently-used.xbel', but failed: Failed to create file '/export/home/acs/stud/c/cristofor.rotsching/.local/share/recently-used.xbel.LUZ4FY': No such file or directory

(gedit:54740): Gtk-WARNING **: Attempting to set the permissions of `/export/home/acs/stud/c/cristofor.rotsching/.local/share/recently-used.xbel', but failed: No such file or directory

(gedit:54740): Gtk-WARNING **: Attempting to store changes into `/export/home/acs/stud/c/cristofor.rotsching/.local/share/recently-used.xbel', but failed: Failed to create file '/export/home/acs/stud/c/cristofor.rotsching/.local/share/recently-used.xbel.NC7IGY': No such file or directory

(gedit:54740): Gtk-WARNING **: Attempting to set the permissions of `/export/home/acs/stud/c/cristofor.rotsching/.local/share/recently-used.xbel', but failed: No such file or directory

(gedit:54740): Gtk-WARNING **: Attempting to store changes into `/export/home/acs/stud/c/cristofor.rotsching/.local/share/recently-used.xbel', but failed: Failed to create file '/export/home/acs/stud/c/cristofor.rotsching/.local/share/recently-used.xbel.RRE4FY': No such file or directory

(gedit:54740): Gtk-WARNING **: Attempting to set the permissions of `/export/home/acs/stud/c/cristofor.rotsching/.local/share/recently-used.xbel', but failed: No such file or directory

(gedit:54740): Gtk-WARNING **: Attempting to store changes into `/export/home/acs/stud/c/cristofor.rotsching/.local/share/recently-used.xbel', but failed: Failed to create file '/export/home/acs/stud/c/cristofor.rotsching/.local/share/recently-used.xbel.0E56FY': No such file or directory

(gedit:54740): Gtk-WARNING **: Attempting to set the permissions of `/export/home/acs/stud/c/cristofor.rotsching/.local/share/recently-used.xbel', but failed: No such file or directory

(gedit:54740): Gtk-WARNING **: Attempting to store changes into `/export/home/acs/stud/c/cristofor.rotsching/.local/share/recently-used.xbel', but failed: Failed to create file '/export/home/acs/stud/c/cristofor.rotsching/.local/share/recently-used.xbel.BI8AGY': No such file or directory

(gedit:54740): Gtk-WARNING **: Attempting to set the permissions of `/export/home/acs/stud/c/cristofor.rotsching/.local/share/recently-used.xbel', but failed: No such file or directory

(gedit:54740): Gtk-WARNING **: Attempting to store changes into `/export/home/acs/stud/c/cristofor.rotsching/.local/share/recently-used.xbel', but failed: Failed to create file '/export/home/acs/stud/c/cristofor.rotsching/.local/share/recently-used.xbel.B933FY': No such file or directory

(gedit:54740): Gtk-WARNING **: Attempting to set the permissions of `/export/home/acs/stud/c/cristofor.rotsching/.local/share/recently-used.xbel', but failed: No such file or directory

(gedit:54740): Gtk-WARNING **: Attempting to store changes into `/export/home/acs/stud/c/cristofor.rotsching/.local/share/recently-used.xbel', but failed: Failed to create file '/export/home/acs/stud/c/cristofor.rotsching/.local/share/recently-used.xbel.SRIYFY': No such file or directory

(gedit:54740): Gtk-WARNING **: Attempting to set the permissions of `/export/home/acs/stud/c/cristofor.rotsching/.local/share/recently-used.xbel', but failed: No such file or directory

(gedit:54740): Gtk-WARNING **: Attempting to store changes into `/export/home/acs/stud/c/cristofor.rotsching/.local/share/recently-used.xbel', but failed: Failed to create file '/export/home/acs/stud/c/cristofor.rotsching/.local/share/recently-used.xbel.REQIGY': No such file or directory

(gedit:54740): Gtk-WARNING **: Attempting to set the permissions of `/export/home/acs/stud/c/cristofor.rotsching/.local/share/recently-used.xbel', but failed: No such file or directory

(gedit:54740): Gtk-WARNING **: Attempting to store changes into `/export/home/acs/stud/c/cristofor.rotsching/.local/share/recently-used.xbel', but failed: Failed to create file '/export/home/acs/stud/c/cristofor.rotsching/.local/share/recently-used.xbel.ZS69FY': No such file or directory

(gedit:54740): Gtk-WARNING **: Attempting to set the permissions of `/export/home/acs/stud/c/cristofor.rotsching/.local/share/recently-used.xbel', but failed: No such file or directory

(gedit:54740): Gtk-WARNING **: Attempting to store changes into `/export/home/acs/stud/c/cristofor.rotsching/.local/share/recently-used.xbel', but failed: Failed to create file '/export/home/acs/stud/c/cristofor.rotsching/.local/share/recently-used.xbel.0Z44FY': No such file or directory

(gedit:54740): Gtk-WARNING **: Attempting to set the permissions of `/export/home/acs/stud/c/cristofor.rotsching/.local/share/recently-used.xbel', but failed: No such file or directory

(gedit:54740): Gtk-WARNING **: Attempting to store changes into `/export/home/acs/stud/c/cristofor.rotsching/.local/share/recently-used.xbel', but failed: Failed to create file '/export/home/acs/stud/c/cristofor.rotsching/.local/share/recently-used.xbel.7FV6FY': No such file or directory

(gedit:54740): Gtk-WARNING **: Attempting to set the permissions of `/export/home/acs/stud/c/cristofor.rotsching/.local/share/recently-used.xbel', but failed: No such file or directory

(gedit:54740): Gtk-WARNING **: Attempting to store changes into `/export/home/acs/stud/c/cristofor.rotsching/.local/share/recently-used.xbel', but failed: Failed to create file '/export/home/acs/stud/c/cristofor.rotsching/.local/share/recently-used.xbel.ALZFGY': No such file or directory

(gedit:54740): Gtk-WARNING **: Attempting to set the permissions of `/export/home/acs/stud/c/cristofor.rotsching/.local/share/recently-used.xbel', but failed: No such file or directory

(gedit:54740): Gtk-WARNING **: Attempting to store changes into `/export/home/acs/stud/c/cristofor.rotsching/.local/share/recently-used.xbel', but failed: Failed to create file '/export/home/acs/stud/c/cristofor.rotsching/.local/share/recently-used.xbel.9IS3FY': No such file or directory

(gedit:54740): Gtk-WARNING **: Attempting to set the permissions of `/export/home/acs/stud/c/cristofor.rotsching/.local/share/recently-used.xbel', but failed: No such file or directory

(gedit:54740): Gtk-WARNING **: Attempting to store changes into `/export/home/acs/stud/c/cristofor.rotsching/.local/share/recently-used.xbel', but failed: Failed to create file '/export/home/acs/stud/c/cristofor.rotsching/.local/share/recently-used.xbel.NXHHGY': No such file or directory

(gedit:54740): Gtk-WARNING **: Attempting to set the permissions of `/export/home/acs/stud/c/cristofor.rotsching/.local/share/recently-used.xbel', but failed: No such file or directory

(gedit:54740): Gtk-WARNING **: Attempting to store changes into `/export/home/acs/stud/c/cristofor.rotsching/.local/share/recently-used.xbel', but failed: Failed to create file '/export/home/acs/stud/c/cristofor.rotsching/.local/share/recently-used.xbel.KQJ5FY': No such file or directory

(gedit:54740): Gtk-WARNING **: Attempting to set the permissions of `/export/home/acs/stud/c/cristofor.rotsching/.local/share/recently-used.xbel', but failed: No such file or directory

(gedit:54740): Gtk-WARNING **: Attempting to store changes into `/export/home/acs/stud/c/cristofor.rotsching/.local/share/recently-used.xbel', but failed: Failed to create file '/export/home/acs/stud/c/cristofor.rotsching/.local/share/recently-used.xbel.V1QBGY': No such file or directory

(gedit:54740): Gtk-WARNING **: Attempting to set the permissions of `/export/home/acs/stud/c/cristofor.rotsching/.local/share/recently-used.xbel', but failed: No such file or directory

(gedit:54740): Gtk-WARNING **: Attempting to store changes into `/export/home/acs/stud/c/cristofor.rotsching/.local/share/recently-used.xbel', but failed: Failed to create file '/export/home/acs/stud/c/cristofor.rotsching/.local/share/recently-used.xbel.9WRDGY': No such file or directory

(gedit:54740): Gtk-WARNING **: Attempting to set the permissions of `/export/home/acs/stud/c/cristofor.rotsching/.local/share/recently-used.xbel', but failed: No such file or directory

(gedit:54740): Gtk-WARNING **: Attempting to store changes into `/export/home/acs/stud/c/cristofor.rotsching/.local/share/recently-used.xbel', but failed: Failed to create file '/export/home/acs/stud/c/cristofor.rotsching/.local/share/recently-used.xbel.38FCGY': No such file or directory

(gedit:54740): Gtk-WARNING **: Attempting to set the permissions of `/export/home/acs/stud/c/cristofor.rotsching/.local/share/recently-used.xbel', but failed: No such file or directory

(gedit:54740): Gtk-WARNING **: Attempting to store changes into `/export/home/acs/stud/c/cristofor.rotsching/.local/share/recently-used.xbel', but failed: Failed to create file '/export/home/acs/stud/c/cristofor.rotsching/.local/share/recently-used.xbel.BTE9FY': No such file or directory

(gedit:54740): Gtk-WARNING **: Attempting to set the permissions of `/export/home/acs/stud/c/cristofor.rotsching/.local/share/recently-used.xbel', but failed: No such file or directory

(gedit:54740): Gtk-WARNING **: Attempting to store changes into `/export/home/acs/stud/c/cristofor.rotsching/.local/share/recently-used.xbel', but failed: Failed to create file '/export/home/acs/stud/c/cristofor.rotsching/.local/share/recently-used.xbel.44CCGY': No such file or directory

(gedit:54740): Gtk-WARNING **: Attempting to set the permissions of `/export/home/acs/stud/c/cristofor.rotsching/.local/share/recently-used.xbel', but failed: No such file or directory

(gedit:54740): Gtk-WARNING **: Attempting to store changes into `/export/home/acs/stud/c/cristofor.rotsching/.local/share/recently-used.xbel', but failed: Failed to create file '/export/home/acs/stud/c/cristofor.rotsching/.local/share/recently-used.xbel.4B30FY': No such file or directory

(gedit:54740): Gtk-WARNING **: Attempting to set the permissions of `/export/home/acs/stud/c/cristofor.rotsching/.local/share/recently-used.xbel', but failed: No such file or directory

(gedit:54740): Gtk-WARNING **: Attempting to store changes into `/export/home/acs/stud/c/cristofor.rotsching/.local/share/recently-used.xbel', but failed: Failed to create file '/export/home/acs/stud/c/cristofor.rotsching/.local/share/recently-used.xbel.WMQ3FY': No such file or directory

(gedit:54740): Gtk-WARNING **: Attempting to set the permissions of `/export/home/acs/stud/c/cristofor.rotsching/.local/share/recently-used.xbel', but failed: No such file or directory

(gedit:54740): Gtk-WARNING **: Attempting to store changes into `/export/home/acs/stud/c/cristofor.rotsching/.local/share/recently-used.xbel', but failed: Failed to create file '/export/home/acs/stud/c/cristofor.rotsching/.local/share/recently-used.xbel.D1B5FY': No such file or directory

(gedit:54740): Gtk-WARNING **: Attempting to set the permissions of `/export/home/acs/stud/c/cristofor.rotsching/.local/share/recently-used.xbel', but failed: No such file or directory

(gedit:54740): Gtk-WARNING **: Attempting to store changes into `/export/home/acs/stud/c/cristofor.rotsching/.local/share/recently-used.xbel', but failed: Failed to create file '/export/home/acs/stud/c/cristofor.rotsching/.local/share/recently-used.xbel.Q3AZFY': No such file or directory

(gedit:54740): Gtk-WARNING **: Attempting to set the permissions of `/export/home/acs/stud/c/cristofor.rotsching/.local/share/recently-used.xbel', but failed: No such file or directory

(gedit:54740): Gtk-WARNING **: Attempting to store changes into `/export/home/acs/stud/c/cristofor.rotsching/.local/share/recently-used.xbel', but failed: Failed to create file '/export/home/acs/stud/c/cristofor.rotsching/.local/share/recently-used.xbel.CBO8FY': No such file or directory

(gedit:54740): Gtk-WARNING **: Attempting to set the permissions of `/export/home/acs/stud/c/cristofor.rotsching/.local/share/recently-used.xbel', but failed: No such file or directory

(gedit:54740): Gtk-WARNING **: Attempting to store changes into `/export/home/acs/stud/c/cristofor.rotsching/.local/share/recently-used.xbel', but failed: Failed to create file '/export/home/acs/stud/c/cristofor.rotsching/.local/share/recently-used.xbel.ARS5FY': No such file or directory

(gedit:54740): Gtk-WARNING **: Attempting to set the permissions of `/export/home/acs/stud/c/cristofor.rotsching/.local/share/recently-used.xbel', but failed: No such file or directory

(gedit:54740): Gtk-WARNING **: Attempting to store changes into `/export/home/acs/stud/c/cristofor.rotsching/.local/share/recently-used.xbel', but failed: Failed to create file '/export/home/acs/stud/c/cristofor.rotsching/.local/share/recently-used.xbel.DWS9FY': No such file or directory

(gedit:54740): Gtk-WARNING **: Attempting to set the permissions of `/export/home/acs/stud/c/cristofor.rotsching/.local/share/recently-used.xbel', but failed: No such file or directory

(gedit:54740): Gtk-WARNING **: Attempting to store changes into `/export/home/acs/stud/c/cristofor.rotsching/.local/share/recently-used.xbel', but failed: Failed to create file '/export/home/acs/stud/c/cristofor.rotsching/.local/share/recently-used.xbel.UJ53FY': No such file or directory

(gedit:54740): Gtk-WARNING **: Attempting to set the permissions of `/export/home/acs/stud/c/cristofor.rotsching/.local/share/recently-used.xbel', but failed: No such file or directory

(gedit:54740): Gtk-WARNING **: Attempting to store changes into `/export/home/acs/stud/c/cristofor.rotsching/.local/share/recently-used.xbel', but failed: Failed to create file '/export/home/acs/stud/c/cristofor.rotsching/.local/share/recently-used.xbel.XKR8FY': No such file or directory

(gedit:54740): Gtk-WARNING **: Attempting to set the permissions of `/export/home/acs/stud/c/cristofor.rotsching/.local/share/recently-used.xbel', but failed: No such file or directory

(gedit:54740): Gtk-WARNING **: Attempting to store changes into `/export/home/acs/stud/c/cristofor.rotsching/.local/share/recently-used.xbel', but failed: Failed to create file '/export/home/acs/stud/c/cristofor.rotsching/.local/share/recently-used.xbel.9KHZFY': No such file or directory

(gedit:54740): Gtk-WARNING **: Attempting to set the permissions of `/export/home/acs/stud/c/cristofor.rotsching/.local/share/recently-used.xbel', but failed: No such file or directory

(gedit:54740): Gtk-WARNING **: Attempting to store changes into `/export/home/acs/stud/c/cristofor.rotsching/.local/share/recently-used.xbel', but failed: Failed to create file '/export/home/acs/stud/c/cristofor.rotsching/.local/share/recently-used.xbel.MLKYFY': No such file or directory

(gedit:54740): Gtk-WARNING **: Attempting to set the permissions of `/export/home/acs/stud/c/cristofor.rotsching/.local/share/recently-used.xbel', but failed: No such file or directory

(gedit:54740): Gtk-WARNING **: Attempting to store changes into `/export/home/acs/stud/c/cristofor.rotsching/.local/share/recently-used.xbel', but failed: Failed to create file '/export/home/acs/stud/c/cristofor.rotsching/.local/share/recently-used.xbel.4JZ7FY': No such file or directory

(gedit:54740): Gtk-WARNING **: Attempting to set the permissions of `/export/home/acs/stud/c/cristofor.rotsching/.local/share/recently-used.xbel', but failed: No such file or directory
